<?xml version="1.0" encoding="UTF-8"?>
<testsuite name="mx.manzanarez.eventbus.TestMainVerticle" tests="1" skipped="0" failures="0" errors="0" timestamp="2023-02-06T04:14:18" hostname="DESKTOP-UP13CH7" time="0.513">
  <properties/>
  <testcase name="verticle_deployed(Vertx, VertxTestContext)" classname="mx.manzanarez.eventbus.TestMainVerticle" time="0.513"/>
  <system-out><![CDATA[HTTP server started on port 8888
]]></system-out>
  <system-err><![CDATA[]]></system-err>
</testsuite>
